<?xml version="1.0" encoding="UTF-8"?>
<testsuite xmlns:xsi="http://www.w3.org/2001/XMLSchema-instance" xsi:noNamespaceSchemaLocation="https://maven.apache.org/surefire/maven-surefire-plugin/xsd/surefire-test-report.xsd" version="3.0.2" name="com.nanobot.bus.MessageBusTest" time="0.374" tests="12" errors="0" skipped="0" failures="0">
  <properties>
[...]
</properties>
  <testcase name="consumeBlocksUntilMessage" classname="com.nanobot.bus.MessageBusTest" time="0.235"/>
  <testcase name="publishAndConsumeOutbound" classname="com.nanobot.bus.MessageBusTest" time="0.008"/>
  <testcase name="sessionKeyEmptyOverrideFallsBack" classname="com.nanobot.bus.MessageBusTest" time="0.004"/>
  <testcase name="inboundSizeReflectsPending" classname="com.nanobot.bus.MessageBusTest" time="0.001"/>
  <testcase name="outboundSizeReflectsPending" classname="com.nanobot.bus.MessageBusTest" time="0.0"/>
  <testcase name="outboundMessageDefaults" classname="com.nanobot.bus.MessageBusTest" time="0.004"/>
  <testcase name="inboundMessageCompactConstructorSetsDefaults" classname="com.nanobot.bus.MessageBusTest" time="0.0"/>
  <testcase name="publishAndConsumeInbound" classname="com.nanobot.bus.MessageBusTest" time="0.002"/>
  <testcase name="sessionKeyDefault" classname="com.nanobot.bus.MessageBusTest" time="0.001"/>
  <testcase name="boundedQueueBlocksOnFull" classname="com.nanobot.bus.MessageBusTest" time="0.104"/>
  <testcase name="sessionKeyOverride" classname="com.nanobot.bus.MessageBusTest" time="0.0"/>
  <testcase name="outboundMessageCompactConstructorSetsDefaults" classname="com.nanobot.bus.MessageBusTest" time="0.001"/>
</testsuite>